I, [2015-06-10T12:03:33.578333 #36280]  INFO -- : Started GET "/" for ::1 at 2015-06-10 12:03:33 -0700
I, [2015-06-10T12:03:33.608430 #36280]  INFO -- : Processing by HomeController#index as HTML
D, [2015-06-10T12:03:33.639454 #36280] DEBUG -- :   [1m[36mQuestion Load (1.0ms)[0m  [1mSELECT "questions".* FROM "questions"  ORDER BY "questions"."created_at" DESC[0m
I, [2015-06-10T12:03:33.853790 #36280]  INFO -- :   Rendered home/index.html.erb within layouts/application (216.3ms)
I, [2015-06-10T12:03:33.862766 #36280]  INFO -- :   Rendered home/_navbar.html.erb (1.0ms)
I, [2015-06-10T12:03:33.867775 #36280]  INFO -- :   Rendered home/_new_question_form.html.erb (2.0ms)
I, [2015-06-10T12:03:33.868792 #36280]  INFO -- : Completed 200 OK in 259ms (Views: 247.4ms | ActiveRecord: 1.0ms)
I, [2015-06-10T12:03:33.966839 #36280]  INFO -- : Started GET "/assets/application-10a6e9e09a5dbddef522f9ac26d23e3b3051de4ae7c4e8b940a03d4a900080d4.js" for ::1 at 2015-06-10 12:03:33 -0700
F, [2015-06-10T12:03:33.968841 #36280] FATAL -- : 
ActionController::RoutingError (No route matches [GET] "/assets/application-10a6e9e09a5dbddef522f9ac26d23e3b3051de4ae7c4e8b940a03d4a900080d4.js"):
  actionpack (4.2.0) lib/action_dispatch/middleware/debug_exceptions.rb:21:in `call'
  actionpack (4.2.0) lib/action_dispatch/middleware/show_exceptions.rb:30:in `call'
  railties (4.2.0) lib/rails/rack/logger.rb:38:in `call_app'
  railties (4.2.0) lib/rails/rack/logger.rb:20:in `block in call'
  activesupport (4.2.0) lib/active_support/tagged_logging.rb:68:in `block in tagged'
  activesupport (4.2.0) lib/active_support/tagged_logging.rb:26:in `tagged'
  activesupport (4.2.0) lib/active_support/tagged_logging.rb:68:in `tagged'
  railties (4.2.0) lib/rails/rack/logger.rb:20:in `call'
  actionpack (4.2.0) lib/action_dispatch/middleware/request_id.rb:21:in `call'
  rack (1.6.1) lib/rack/methodoverride.rb:22:in `call'
  rack (1.6.1) lib/rack/runtime.rb:18:in `call'
  activesupport (4.2.0) lib/active_support/cache/strategy/local_cache_middleware.rb:28:in `call'
  rack (1.6.1) lib/rack/sendfile.rb:113:in `call'
  railties (4.2.0) lib/rails/engine.rb:518:in `call'
  railties (4.2.0) lib/rails/application.rb:164:in `call'
  rack (1.6.1) lib/rack/lock.rb:17:in `call'
  rack (1.6.1) lib/rack/content_length.rb:15:in `call'
  rack (1.6.1) lib/rack/handler/webrick.rb:89:in `service'
  C:/RailsInstaller/Ruby2.1.0/lib/ruby/2.1.0/webrick/httpserver.rb:138:in `service'
  C:/RailsInstaller/Ruby2.1.0/lib/ruby/2.1.0/webrick/httpserver.rb:94:in `run'
  C:/RailsInstaller/Ruby2.1.0/lib/ruby/2.1.0/webrick/server.rb:295:in `block in start_thread'


I, [2015-06-10T12:03:34.027887 #36280]  INFO -- : Started GET "/assets/application-7f60e7ac376c51497e4ce4f1132cb3c1884b76f32bfdbca650e447c8934dda14.css" for ::1 at 2015-06-10 12:03:34 -0700
F, [2015-06-10T12:03:34.029884 #36280] FATAL -- : 
ActionController::RoutingError (No route matches [GET] "/assets/application-7f60e7ac376c51497e4ce4f1132cb3c1884b76f32bfdbca650e447c8934dda14.css"):
  actionpack (4.2.0) lib/action_dispatch/middleware/debug_exceptions.rb:21:in `call'
  actionpack (4.2.0) lib/action_dispatch/middleware/show_exceptions.rb:30:in `call'
  railties (4.2.0) lib/rails/rack/logger.rb:38:in `call_app'
  railties (4.2.0) lib/rails/rack/logger.rb:20:in `block in call'
  activesupport (4.2.0) lib/active_support/tagged_logging.rb:68:in `block in tagged'
  activesupport (4.2.0) lib/active_support/tagged_logging.rb:26:in `tagged'
  activesupport (4.2.0) lib/active_support/tagged_logging.rb:68:in `tagged'
  railties (4.2.0) lib/rails/rack/logger.rb:20:in `call'
  actionpack (4.2.0) lib/action_dispatch/middleware/request_id.rb:21:in `call'
  rack (1.6.1) lib/rack/methodoverride.rb:22:in `call'
  rack (1.6.1) lib/rack/runtime.rb:18:in `call'
  activesupport (4.2.0) lib/active_support/cache/strategy/local_cache_middleware.rb:28:in `call'
  rack (1.6.1) lib/rack/sendfile.rb:113:in `call'
  railties (4.2.0) lib/rails/engine.rb:518:in `call'
  railties (4.2.0) lib/rails/application.rb:164:in `call'
  rack (1.6.1) lib/rack/lock.rb:17:in `call'
  rack (1.6.1) lib/rack/content_length.rb:15:in `call'
  rack (1.6.1) lib/rack/handler/webrick.rb:89:in `service'
  C:/RailsInstaller/Ruby2.1.0/lib/ruby/2.1.0/webrick/httpserver.rb:138:in `service'
  C:/RailsInstaller/Ruby2.1.0/lib/ruby/2.1.0/webrick/httpserver.rb:94:in `run'
  C:/RailsInstaller/Ruby2.1.0/lib/ruby/2.1.0/webrick/server.rb:295:in `block in start_thread'


I, [2015-06-10T12:21:10.063065 #36280]  INFO -- : Started GET "/" for ::1 at 2015-06-10 12:21:10 -0700
I, [2015-06-10T12:21:10.064065 #36280]  INFO -- : Processing by HomeController#index as HTML
D, [2015-06-10T12:21:10.067068 #36280] DEBUG -- :   [1m[35mQuestion Load (0.0ms)[0m  SELECT "questions".* FROM "questions"  ORDER BY "questions"."created_at" DESC
I, [2015-06-10T12:21:10.070070 #36280]  INFO -- :   Rendered home/index.html.erb within layouts/application (4.0ms)
I, [2015-06-10T12:21:10.070070 #36280]  INFO -- :   Rendered home/_navbar.html.erb (0.0ms)
I, [2015-06-10T12:21:10.071071 #36280]  INFO -- :   Rendered home/_new_question_form.html.erb (0.0ms)
I, [2015-06-10T12:21:10.071071 #36280]  INFO -- : Completed 200 OK in 7ms (Views: 6.0ms | ActiveRecord: 0.0ms)
I, [2015-06-10T12:21:10.144141 #36280]  INFO -- : Started GET "/assets/application-7f60e7ac376c51497e4ce4f1132cb3c1884b76f32bfdbca650e447c8934dda14.css" for ::1 at 2015-06-10 12:21:10 -0700
F, [2015-06-10T12:21:10.145126 #36280] FATAL -- : 
ActionController::RoutingError (No route matches [GET] "/assets/application-7f60e7ac376c51497e4ce4f1132cb3c1884b76f32bfdbca650e447c8934dda14.css"):
  actionpack (4.2.0) lib/action_dispatch/middleware/debug_exceptions.rb:21:in `call'
  actionpack (4.2.0) lib/action_dispatch/middleware/show_exceptions.rb:30:in `call'
  railties (4.2.0) lib/rails/rack/logger.rb:38:in `call_app'
  railties (4.2.0) lib/rails/rack/logger.rb:20:in `block in call'
  activesupport (4.2.0) lib/active_support/tagged_logging.rb:68:in `block in tagged'
  activesupport (4.2.0) lib/active_support/tagged_logging.rb:26:in `tagged'
  activesupport (4.2.0) lib/active_support/tagged_logging.rb:68:in `tagged'
  railties (4.2.0) lib/rails/rack/logger.rb:20:in `call'
  actionpack (4.2.0) lib/action_dispatch/middleware/request_id.rb:21:in `call'
  rack (1.6.1) lib/rack/methodoverride.rb:22:in `call'
  rack (1.6.1) lib/rack/runtime.rb:18:in `call'
  activesupport (4.2.0) lib/active_support/cache/strategy/local_cache_middleware.rb:28:in `call'
  rack (1.6.1) lib/rack/sendfile.rb:113:in `call'
  railties (4.2.0) lib/rails/engine.rb:518:in `call'
  railties (4.2.0) lib/rails/application.rb:164:in `call'
  rack (1.6.1) lib/rack/lock.rb:17:in `call'
  rack (1.6.1) lib/rack/content_length.rb:15:in `call'
  rack (1.6.1) lib/rack/handler/webrick.rb:89:in `service'
  C:/RailsInstaller/Ruby2.1.0/lib/ruby/2.1.0/webrick/httpserver.rb:138:in `service'
  C:/RailsInstaller/Ruby2.1.0/lib/ruby/2.1.0/webrick/httpserver.rb:94:in `run'
  C:/RailsInstaller/Ruby2.1.0/lib/ruby/2.1.0/webrick/server.rb:295:in `block in start_thread'


I, [2015-06-10T12:21:10.151127 #36280]  INFO -- : Started GET "/assets/application-10a6e9e09a5dbddef522f9ac26d23e3b3051de4ae7c4e8b940a03d4a900080d4.js" for ::1 at 2015-06-10 12:21:10 -0700
F, [2015-06-10T12:21:10.153131 #36280] FATAL -- : 
ActionController::RoutingError (No route matches [GET] "/assets/application-10a6e9e09a5dbddef522f9ac26d23e3b3051de4ae7c4e8b940a03d4a900080d4.js"):
  actionpack (4.2.0) lib/action_dispatch/middleware/debug_exceptions.rb:21:in `call'
  actionpack (4.2.0) lib/action_dispatch/middleware/show_exceptions.rb:30:in `call'
  railties (4.2.0) lib/rails/rack/logger.rb:38:in `call_app'
  railties (4.2.0) lib/rails/rack/logger.rb:20:in `block in call'
  activesupport (4.2.0) lib/active_support/tagged_logging.rb:68:in `block in tagged'
  activesupport (4.2.0) lib/active_support/tagged_logging.rb:26:in `tagged'
  activesupport (4.2.0) lib/active_support/tagged_logging.rb:68:in `tagged'
  railties (4.2.0) lib/rails/rack/logger.rb:20:in `call'
  actionpack (4.2.0) lib/action_dispatch/middleware/request_id.rb:21:in `call'
  rack (1.6.1) lib/rack/methodoverride.rb:22:in `call'
  rack (1.6.1) lib/rack/runtime.rb:18:in `call'
  activesupport (4.2.0) lib/active_support/cache/strategy/local_cache_middleware.rb:28:in `call'
  rack (1.6.1) lib/rack/sendfile.rb:113:in `call'
  railties (4.2.0) lib/rails/engine.rb:518:in `call'
  railties (4.2.0) lib/rails/application.rb:164:in `call'
  rack (1.6.1) lib/rack/lock.rb:17:in `call'
  rack (1.6.1) lib/rack/content_length.rb:15:in `call'
  rack (1.6.1) lib/rack/handler/webrick.rb:89:in `service'
  C:/RailsInstaller/Ruby2.1.0/lib/ruby/2.1.0/webrick/httpserver.rb:138:in `service'
  C:/RailsInstaller/Ruby2.1.0/lib/ruby/2.1.0/webrick/httpserver.rb:94:in `run'
  C:/RailsInstaller/Ruby2.1.0/lib/ruby/2.1.0/webrick/server.rb:295:in `block in start_thread'


I, [2015-06-10T12:21:22.016828 #36280]  INFO -- : Started GET "/assets/application-7f60e7ac376c51497e4ce4f1132cb3c1884b76f32bfdbca650e447c8934dda14.css" for ::1 at 2015-06-10 12:21:22 -0700
F, [2015-06-10T12:21:22.017830 #36280] FATAL -- : 
ActionController::RoutingError (No route matches [GET] "/assets/application-7f60e7ac376c51497e4ce4f1132cb3c1884b76f32bfdbca650e447c8934dda14.css"):
  actionpack (4.2.0) lib/action_dispatch/middleware/debug_exceptions.rb:21:in `call'
  actionpack (4.2.0) lib/action_dispatch/middleware/show_exceptions.rb:30:in `call'
  railties (4.2.0) lib/rails/rack/logger.rb:38:in `call_app'
  railties (4.2.0) lib/rails/rack/logger.rb:20:in `block in call'
  activesupport (4.2.0) lib/active_support/tagged_logging.rb:68:in `block in tagged'
  activesupport (4.2.0) lib/active_support/tagged_logging.rb:26:in `tagged'
  activesupport (4.2.0) lib/active_support/tagged_logging.rb:68:in `tagged'
  railties (4.2.0) lib/rails/rack/logger.rb:20:in `call'
  actionpack (4.2.0) lib/action_dispatch/middleware/request_id.rb:21:in `call'
  rack (1.6.1) lib/rack/methodoverride.rb:22:in `call'
  rack (1.6.1) lib/rack/runtime.rb:18:in `call'
  activesupport (4.2.0) lib/active_support/cache/strategy/local_cache_middleware.rb:28:in `call'
  rack (1.6.1) lib/rack/sendfile.rb:113:in `call'
  railties (4.2.0) lib/rails/engine.rb:518:in `call'
  railties (4.2.0) lib/rails/application.rb:164:in `call'
  rack (1.6.1) lib/rack/lock.rb:17:in `call'
  rack (1.6.1) lib/rack/content_length.rb:15:in `call'
  rack (1.6.1) lib/rack/handler/webrick.rb:89:in `service'
  C:/RailsInstaller/Ruby2.1.0/lib/ruby/2.1.0/webrick/httpserver.rb:138:in `service'
  C:/RailsInstaller/Ruby2.1.0/lib/ruby/2.1.0/webrick/httpserver.rb:94:in `run'
  C:/RailsInstaller/Ruby2.1.0/lib/ruby/2.1.0/webrick/server.rb:295:in `block in start_thread'


